<testsuites id="" name="" tests="12" failures="1" skipped="3" errors="0" time="113.54796499999999">
<testsuite name="21_castingTest.spec.js" timestamp="2025-08-28T06:49:32.670Z" hostname="chromium" tests="12" failures="1" skipped="3" time="102.049" errors="0">
<testcase name="Casting › Selects Tab › verify casting upload, open the folder, and view the image" classname="21_castingTest.spec.js" time="9.599">
<system-out>
<![CDATA[[INFO] 2025-08-28T06:49:33.862Z - browser is launching
[INFO] 2025-08-28T06:49:38.115Z - open the project
Current hostname is: qa.zillit.com
[INFO] 2025-08-28T06:49:38.115Z - QA environment is started...
Popup message verified:
]]>
</system-out>
</testcase>
<testcase name="Casting › Selects Tab › verify move to shortlist cast folder from the character screen" classname="21_castingTest.spec.js" time="6.081">
<system-out>
<![CDATA[Popup message verified:
]]>
</system-out>
</testcase>
<testcase name="Casting › Selects Tab › verify move to finals cast folder from the character screen" classname="21_castingTest.spec.js" time="7.485">
<system-out>
<![CDATA[Popup message verified:
]]>
</system-out>
</testcase>
<testcase name="Casting › Selects Tab › verify delete cast folder from shortlist" classname="21_castingTest.spec.js" time="7.338">
<system-out>
<![CDATA[Popup message verified:
]]>
</system-out>
</testcase>
<testcase name="Casting › Selects Tab › verify delete cast folder from final" classname="21_castingTest.spec.js" time="8.311">
<system-out>
<![CDATA[Popup message verified:
]]>
</system-out>
</testcase>
<testcase name="Casting › Selects Tab › verify move to shortlist media from the media screen" classname="21_castingTest.spec.js" time="16.201">
<system-out>
<![CDATA[Popup message verified:
]]>
</system-out>
</testcase>
<testcase name="Casting › Selects Tab › verify move to finals media from the media screen" classname="21_castingTest.spec.js" time="9.041">
<system-out>
<![CDATA[Popup message verified:
]]>
</system-out>
</testcase>
<testcase name="Casting › Selects Tab › verify edit cast details from the media screen" classname="21_castingTest.spec.js" time="7.896">
<system-out>
<![CDATA[Popup message verified:
]]>
</system-out>
</testcase>
<testcase name="Casting › Selects Tab › verify forward cast and image reply" classname="21_castingTest.spec.js" time="30.097">
<failure message="21_castingTest.spec.js:81:9 verify forward cast and image reply" type="FAILURE">
<![CDATA[  [chromium] › 21_castingTest.spec.js:81:9 › Casting › Selects Tab › verify forward cast and image reply 

    Test timeout of 30000ms exceeded.

    Error: locator.click: Target page, context or browser has been closed
    Call log:
      - waiting for locator('div.ant-drawer-content-wrapper button span[aria-label="close-square"]')


       at ../pages/casting.js:220

      218 |         await this.loadingIcon.waitFor({ state: 'hidden' });
      219 |         await this.page.waitForTimeout(500);
    > 220 |         await this.closeImageReplyWindow.click();
          |                                          ^
      221 |     }
      222 |
      223 |
        at Casting.imageReplys (/Users/babuyadav/Documents/zillit-playwright-automation/src/pages/casting.js:220:42)
        at /Users/babuyadav/Documents/zillit-playwright-automation/src/tests/21_castingTest.spec.js:84:13

    attachment #1: screenshot (image/png) ──────────────────────────────────────────────────────────
    test-results/21_castingTest-Casting-Sel-c2be4-orward-cast-and-image-reply-chromium/test-failed-1.png
    ────────────────────────────────────────────────────────────────────────────────────────────────

    Error Context: ../../test-results/21_castingTest-Casting-Sel-c2be4-orward-cast-and-image-reply-chromium/error-context.md

    attachment #3: trace (application/zip) ─────────────────────────────────────────────────────────
    test-results/21_castingTest-Casting-Sel-c2be4-orward-cast-and-image-reply-chromium/trace.zip
    Usage:

        npx playwright show-trace test-results/21_castingTest-Casting-Sel-c2be4-orward-cast-and-image-reply-chromium/trace.zip

    ────────────────────────────────────────────────────────────────────────────────────────────────
]]>
</failure>
<system-out>
<![CDATA[Popup message verified:
[INFO] 2025-08-28T06:51:25.604Z - close browser

[[ATTACHMENT|../test-results/21_castingTest-Casting-Sel-c2be4-orward-cast-and-image-reply-chromium/test-failed-1.png]]

[[ATTACHMENT|../test-results/21_castingTest-Casting-Sel-c2be4-orward-cast-and-image-reply-chromium/error-context.md]]

[[ATTACHMENT|../test-results/21_castingTest-Casting-Sel-c2be4-orward-cast-and-image-reply-chromium/trace.zip]]
]]>
</system-out>
</testcase>
<testcase name="Casting › Shortlist Tab › verify casting upload, open the folder, and view the image" classname="21_castingTest.spec.js" time="0">
<properties>
<property name="skip" value="">
</property>
</properties>
<skipped>
</skipped>
</testcase>
<testcase name="Casting › Finals Tab › verify casting upload, open the folder, and view the image" classname="21_castingTest.spec.js" time="0">
<properties>
<property name="skip" value="">
</property>
</properties>
<skipped>
</skipped>
</testcase>
<testcase name="Casting › Generate pdf › verify user generate the pdf from finals" classname="21_castingTest.spec.js" time="0">
<properties>
<property name="skip" value="">
</property>
</properties>
<skipped>
</skipped>
</testcase>
</testsuite>
</testsuites>